<?xml version="1.0" encoding="UTF-8"?>
<!-- Generated by org.testng.reporters.JUnitReportReporter -->
<testsuite hostname="Haritha" failures="0" tests="1" name="GETAPIs.GetAPIsTestWithBDD" time="3.527" errors="0" timestamp="2025-05-15T12:51:59 CDT" skipped="0">
  <testcase classname="GETAPIs.GetAPIsTestWithBDD" name="getFormulaonePathParametersTest" time="3.527"/>
</testsuite> <!-- GETAPIs.GetAPIsTestWithBDD -->
