<?xml version="1.0" encoding="UTF-8"?>
<!-- Generated by org.testng.reporters.JUnitReportReporter -->
<testsuite hostname="Haritha" failures="0" tests="1" name="GETAPIs.GetAPIsTest" time="3.612" errors="0" timestamp="2025-05-13T15:07:32 CDT" skipped="0">
  <testcase classname="GETAPIs.GetAPIsTest" name="getUserWithQueryParam_hashmap_Test" time="3.612"/>
</testsuite> <!-- GETAPIs.GetAPIsTest -->
