<?xml version="1.0" encoding="UTF-8"?>
<!-- Generated by org.testng.reporters.JUnitReportReporter -->
<testsuite hostname="Haritha" failures="0" tests="1" name="GETAPIs.GetAPIsTestWithBDD" time="4.276" errors="0" timestamp="2025-05-19T22:58:36 CDT" skipped="0">
  <testcase classname="GETAPIs.GetAPIsTestWithBDD" name="getAllUsersTest" time="4.276"/>
</testsuite> <!-- GETAPIs.GetAPIsTestWithBDD -->
